{
  "stats": {
    "suites": 2,
    "tests": 1,
    "passes": 1,
    "pending": 0,
    "failures": 0,
    "start": "2024-11-09T22:57:14.509Z",
    "end": "2024-11-09T22:58:26.617Z",
    "duration": 72108,
    "testsRegistered": 1,
    "passPercent": 100,
    "pendingPercent": 0,
    "other": 0,
    "hasOther": false,
    "skipped": 0,
    "hasSkipped": false
  },
  "results": [
    {
      "uuid": "d4f540c7-9326-4fb3-96eb-2de565271d74",
      "title": "",
      "fullFile": "cypress/e2e/Tests/MainAutomationTest.cy.js",
      "file": "cypress/e2e/Tests/MainAutomationTest.cy.js",
      "beforeHooks": [],
      "afterHooks": [],
      "tests": [],
      "suites": [
        {
          "uuid": "1fac4266-8b6d-42c7-a86e-1a6ce2a5ded7",
          "title": "Automation Exercise - User Flow",
          "fullFile": "",
          "file": "",
          "beforeHooks": [],
          "afterHooks": [],
          "tests": [],
          "suites": [
            {
              "uuid": "c2116b2f-ba68-4e01-bfd7-5e74ca82441e",
              "title": "Viewport: Desktop - Large",
              "fullFile": "",
              "file": "",
              "beforeHooks": [],
              "afterHooks": [],
              "tests": [
                {
                  "title": "Automated User Flow Retail Page ",
                  "fullTitle": "Automation Exercise - User Flow Viewport: Desktop - Large Automated User Flow Retail Page ",
                  "timedOut": null,
                  "duration": 68585,
                  "state": "passed",
                  "speed": "slow",
                  "pass": true,
                  "fail": false,
                  "pending": false,
                  "context": "{\n  \"title\": \"cypress-mochawesome-reporter-screenshots\",\n  \"value\": [\n    [\n      \"/MainAutomationTest.cy.js/products-page.png\",\n      \"/MainAutomationTest.cy.js/products-page (1).png\",\n      \"/MainAutomationTest.cy.js/product-details-page.png\",\n      \"/MainAutomationTest.cy.js/product-details-page (1).png\",\n      \"/MainAutomationTest.cy.js/quantity-entered.png\",\n      \"/MainAutomationTest.cy.js/product-added-to-cart.png\"\n    ]\n  ]\n}",
                  "code": "// Step 2: Navigate to the products page\n_HomePage.default.navigateToProducts();\n//Step 3: Choose the third product and view its details\n_ProductsPage.default.selectProductByIndex(2);\n//Step 4: Enter a random quantity and add to cart\n_ProductDetailsPage.default.enterQuantity(randomQuantity);\n_ProductDetailsPage.default.addToCart();\n//Step 5: Proceed to Cart\n_CartPage.default.goToCart();\n//Step 6: Proceed to Checkout\n_CartPage.default.proceedToCheckout();\n_CartPage.default.goToLogin();\n//Step 7: Register a new user account using random Data\n_RegisterPage.default.registerNewUser();\n//Step 8: Continue to checkout and confirm order\n_CartPage.default.goToCart();\n_CartPage.default.proceedToCheckout();\n_CheckoutPage.default.confirmOrder();\n//Step 9: Payment and Logout\n_PaymentPage.default.confirmPaymentAndLogout();",
                  "err": {},
                  "uuid": "2db8e8a1-fe9e-4f34-a5e9-b1773588e252",
                  "parentUUID": "c2116b2f-ba68-4e01-bfd7-5e74ca82441e",
                  "isHook": false,
                  "skipped": false
                }
              ],
              "suites": [],
              "passes": [
                "2db8e8a1-fe9e-4f34-a5e9-b1773588e252"
              ],
              "failures": [],
              "pending": [],
              "skipped": [],
              "duration": 68585,
              "root": false,
              "rootEmpty": false,
              "_timeout": 2000
            }
          ],
          "passes": [],
          "failures": [],
          "pending": [],
          "skipped": [],
          "duration": 0,
          "root": false,
          "rootEmpty": false,
          "_timeout": 2000
        }
      ],
      "passes": [],
      "failures": [],
      "pending": [],
      "skipped": [],
      "duration": 0,
      "root": true,
      "rootEmpty": true,
      "_timeout": 2000
    }
  ],
  "meta": {
    "mocha": {
      "version": "7.0.1"
    },
    "mochawesome": {
      "options": {
        "quiet": false,
        "reportFilename": "mochawesome",
        "saveHtml": false,
        "saveJson": true,
        "consoleReporter": "spec",
        "useInlineDiffs": false,
        "code": true
      },
      "version": "7.1.3"
    },
    "marge": {
      "options": {
        "reportDir": "reports/mochawesome-report/.jsons",
        "overwrite": false,
        "html": false,
        "json": true,
        "charts": true,
        "embeddedScreenshots": true,
        "inlineAssets": true
      },
      "version": "6.2.0"
    }
  }
}