{
  "stats": {
    "suites": 8,
    "tests": 7,
    "passes": 7,
    "pending": 0,
    "failures": 0,
    "start": "2024-11-09T00:29:10.507Z",
    "end": "2024-11-09T00:31:28.992Z",
    "duration": 138485,
    "testsRegistered": 7,
    "passPercent": 100,
    "pendingPercent": 0,
    "other": 0,
    "hasOther": false,
    "skipped": 0,
    "hasSkipped": false
  },
  "results": [
    {
      "uuid": "f365cdc3-6a6a-4893-93b5-3508c62807f2",
      "title": "",
      "fullFile": "cypress\\e2e\\Tests\\MainAutomationTest.cy.js",
      "file": "cypress\\e2e\\Tests\\MainAutomationTest.cy.js",
      "beforeHooks": [],
      "afterHooks": [],
      "tests": [],
      "suites": [
        {
          "uuid": "77117f6f-c01c-4a01-b1e4-15cba6fed078",
          "title": "Automation Exercise - User Flow",
          "fullFile": "",
          "file": "",
          "beforeHooks": [],
          "afterHooks": [],
          "tests": [],
          "suites": [
            {
              "uuid": "3b5dd26a-b4e8-4301-b6bb-5f376c556560",
              "title": "Viewport: Desktop - Small",
              "fullFile": "",
              "file": "",
              "beforeHooks": [],
              "afterHooks": [],
              "tests": [
                {
                  "title": "Automated User Flow Retail Page ",
                  "fullTitle": "Automation Exercise - User Flow Viewport: Desktop - Small Automated User Flow Retail Page ",
                  "timedOut": null,
                  "duration": 19370,
                  "state": "passed",
                  "speed": "slow",
                  "pass": true,
                  "fail": false,
                  "pending": false,
                  "context": null,
                  "code": "// Step 2: Navigate to the products page\n_HomePage.default.navigateToProducts();\n//Step 3: Choose the third product and view its details\n_ProductsPage.default.selectProductByIndex(2);\n//Step 4: Enter a random quantity and add to cart\n_ProductDetailsPage.default.enterQuantity(randomQuantity);\n_ProductDetailsPage.default.addToCart();\n//Step 5: Proceed to Cart\n_CartPage.default.goToCart();\n//Step 6: Proceed to Checkout\n_CartPage.default.proceedToCheckout();\n_CartPage.default.goToLogin();\n//Step 7: Register a new user account using random Data\n_RegisterPage.default.registerNewUser();\n//Step 8: Continue to checkout and confirm order\n_CartPage.default.goToCart();\n_CartPage.default.proceedToCheckout();\n_CheckoutPage.default.confirmOrder();\n//Step 9: Payment and Logout\n_PaymentPage.default.confirmPaymentAndLogout();",
                  "err": {},
                  "uuid": "b130c6f3-b8e3-420a-b658-82a09937c0d9",
                  "parentUUID": "3b5dd26a-b4e8-4301-b6bb-5f376c556560",
                  "isHook": false,
                  "skipped": false
                }
              ],
              "suites": [],
              "passes": [
                "b130c6f3-b8e3-420a-b658-82a09937c0d9"
              ],
              "failures": [],
              "pending": [],
              "skipped": [],
              "duration": 19370,
              "root": false,
              "rootEmpty": false,
              "_timeout": 2000
            },
            {
              "uuid": "d359c091-4175-4c80-895e-9b7f57ed0b23",
              "title": "Viewport: Desktop - Standard",
              "fullFile": "",
              "file": "",
              "beforeHooks": [],
              "afterHooks": [],
              "tests": [
                {
                  "title": "Automated User Flow Retail Page ",
                  "fullTitle": "Automation Exercise - User Flow Viewport: Desktop - Standard Automated User Flow Retail Page ",
                  "timedOut": null,
                  "duration": 18632,
                  "state": "passed",
                  "speed": "slow",
                  "pass": true,
                  "fail": false,
                  "pending": false,
                  "context": null,
                  "code": "// Step 2: Navigate to the products page\n_HomePage.default.navigateToProducts();\n//Step 3: Choose the third product and view its details\n_ProductsPage.default.selectProductByIndex(2);\n//Step 4: Enter a random quantity and add to cart\n_ProductDetailsPage.default.enterQuantity(randomQuantity);\n_ProductDetailsPage.default.addToCart();\n//Step 5: Proceed to Cart\n_CartPage.default.goToCart();\n//Step 6: Proceed to Checkout\n_CartPage.default.proceedToCheckout();\n_CartPage.default.goToLogin();\n//Step 7: Register a new user account using random Data\n_RegisterPage.default.registerNewUser();\n//Step 8: Continue to checkout and confirm order\n_CartPage.default.goToCart();\n_CartPage.default.proceedToCheckout();\n_CheckoutPage.default.confirmOrder();\n//Step 9: Payment and Logout\n_PaymentPage.default.confirmPaymentAndLogout();",
                  "err": {},
                  "uuid": "0c179bc0-b2d9-49f6-b57d-f9c1e8bb9c40",
                  "parentUUID": "d359c091-4175-4c80-895e-9b7f57ed0b23",
                  "isHook": false,
                  "skipped": false
                }
              ],
              "suites": [],
              "passes": [
                "0c179bc0-b2d9-49f6-b57d-f9c1e8bb9c40"
              ],
              "failures": [],
              "pending": [],
              "skipped": [],
              "duration": 18632,
              "root": false,
              "rootEmpty": false,
              "_timeout": 2000
            },
            {
              "uuid": "c49011f5-8c65-41dd-b7fc-c5e44eabd2c0",
              "title": "Viewport: Desktop - Large",
              "fullFile": "",
              "file": "",
              "beforeHooks": [],
              "afterHooks": [],
              "tests": [
                {
                  "title": "Automated User Flow Retail Page ",
                  "fullTitle": "Automation Exercise - User Flow Viewport: Desktop - Large Automated User Flow Retail Page ",
                  "timedOut": null,
                  "duration": 18390,
                  "state": "passed",
                  "speed": "slow",
                  "pass": true,
                  "fail": false,
                  "pending": false,
                  "context": null,
                  "code": "// Step 2: Navigate to the products page\n_HomePage.default.navigateToProducts();\n//Step 3: Choose the third product and view its details\n_ProductsPage.default.selectProductByIndex(2);\n//Step 4: Enter a random quantity and add to cart\n_ProductDetailsPage.default.enterQuantity(randomQuantity);\n_ProductDetailsPage.default.addToCart();\n//Step 5: Proceed to Cart\n_CartPage.default.goToCart();\n//Step 6: Proceed to Checkout\n_CartPage.default.proceedToCheckout();\n_CartPage.default.goToLogin();\n//Step 7: Register a new user account using random Data\n_RegisterPage.default.registerNewUser();\n//Step 8: Continue to checkout and confirm order\n_CartPage.default.goToCart();\n_CartPage.default.proceedToCheckout();\n_CheckoutPage.default.confirmOrder();\n//Step 9: Payment and Logout\n_PaymentPage.default.confirmPaymentAndLogout();",
                  "err": {},
                  "uuid": "1803ff96-b15a-48b6-9403-bacf7744f0c1",
                  "parentUUID": "c49011f5-8c65-41dd-b7fc-c5e44eabd2c0",
                  "isHook": false,
                  "skipped": false
                }
              ],
              "suites": [],
              "passes": [
                "1803ff96-b15a-48b6-9403-bacf7744f0c1"
              ],
              "failures": [],
              "pending": [],
              "skipped": [],
              "duration": 18390,
              "root": false,
              "rootEmpty": false,
              "_timeout": 2000
            },
            {
              "uuid": "6bcfb640-e072-451a-8053-ffb9f4c0b8d0",
              "title": "Viewport: iPad - Large",
              "fullFile": "",
              "file": "",
              "beforeHooks": [],
              "afterHooks": [],
              "tests": [
                {
                  "title": "Automated User Flow Retail Page ",
                  "fullTitle": "Automation Exercise - User Flow Viewport: iPad - Large Automated User Flow Retail Page ",
                  "timedOut": null,
                  "duration": 17920,
                  "state": "passed",
                  "speed": "slow",
                  "pass": true,
                  "fail": false,
                  "pending": false,
                  "context": null,
                  "code": "// Step 2: Navigate to the products page\n_HomePage.default.navigateToProducts();\n//Step 3: Choose the third product and view its details\n_ProductsPage.default.selectProductByIndex(2);\n//Step 4: Enter a random quantity and add to cart\n_ProductDetailsPage.default.enterQuantity(randomQuantity);\n_ProductDetailsPage.default.addToCart();\n//Step 5: Proceed to Cart\n_CartPage.default.goToCart();\n//Step 6: Proceed to Checkout\n_CartPage.default.proceedToCheckout();\n_CartPage.default.goToLogin();\n//Step 7: Register a new user account using random Data\n_RegisterPage.default.registerNewUser();\n//Step 8: Continue to checkout and confirm order\n_CartPage.default.goToCart();\n_CartPage.default.proceedToCheckout();\n_CheckoutPage.default.confirmOrder();\n//Step 9: Payment and Logout\n_PaymentPage.default.confirmPaymentAndLogout();",
                  "err": {},
                  "uuid": "8785b1f3-f4b2-417c-99ab-0aac85599c4c",
                  "parentUUID": "6bcfb640-e072-451a-8053-ffb9f4c0b8d0",
                  "isHook": false,
                  "skipped": false
                }
              ],
              "suites": [],
              "passes": [
                "8785b1f3-f4b2-417c-99ab-0aac85599c4c"
              ],
              "failures": [],
              "pending": [],
              "skipped": [],
              "duration": 17920,
              "root": false,
              "rootEmpty": false,
              "_timeout": 2000
            },
            {
              "uuid": "1b2535d7-d6f4-4b7c-bdd8-93afdc2abdbf",
              "title": "Viewport: Mobile - Small",
              "fullFile": "",
              "file": "",
              "beforeHooks": [],
              "afterHooks": [],
              "tests": [
                {
                  "title": "Automated User Flow Retail Page ",
                  "fullTitle": "Automation Exercise - User Flow Viewport: Mobile - Small Automated User Flow Retail Page ",
                  "timedOut": null,
                  "duration": 20951,
                  "state": "passed",
                  "speed": "slow",
                  "pass": true,
                  "fail": false,
                  "pending": false,
                  "context": null,
                  "code": "// Step 2: Navigate to the products page\n_HomePage.default.navigateToProducts();\n//Step 3: Choose the third product and view its details\n_ProductsPage.default.selectProductByIndex(2);\n//Step 4: Enter a random quantity and add to cart\n_ProductDetailsPage.default.enterQuantity(randomQuantity);\n_ProductDetailsPage.default.addToCart();\n//Step 5: Proceed to Cart\n_CartPage.default.goToCart();\n//Step 6: Proceed to Checkout\n_CartPage.default.proceedToCheckout();\n_CartPage.default.goToLogin();\n//Step 7: Register a new user account using random Data\n_RegisterPage.default.registerNewUser();\n//Step 8: Continue to checkout and confirm order\n_CartPage.default.goToCart();\n_CartPage.default.proceedToCheckout();\n_CheckoutPage.default.confirmOrder();\n//Step 9: Payment and Logout\n_PaymentPage.default.confirmPaymentAndLogout();",
                  "err": {},
                  "uuid": "e6e8aa63-dd4d-4c9b-b04e-f61dec0b161f",
                  "parentUUID": "1b2535d7-d6f4-4b7c-bdd8-93afdc2abdbf",
                  "isHook": false,
                  "skipped": false
                }
              ],
              "suites": [],
              "passes": [
                "e6e8aa63-dd4d-4c9b-b04e-f61dec0b161f"
              ],
              "failures": [],
              "pending": [],
              "skipped": [],
              "duration": 20951,
              "root": false,
              "rootEmpty": false,
              "_timeout": 2000
            },
            {
              "uuid": "310720e6-0163-4744-b068-944ea7cb9909",
              "title": "Viewport: Mobile - Medium",
              "fullFile": "",
              "file": "",
              "beforeHooks": [],
              "afterHooks": [],
              "tests": [
                {
                  "title": "Automated User Flow Retail Page ",
                  "fullTitle": "Automation Exercise - User Flow Viewport: Mobile - Medium Automated User Flow Retail Page ",
                  "timedOut": null,
                  "duration": 18988,
                  "state": "passed",
                  "speed": "slow",
                  "pass": true,
                  "fail": false,
                  "pending": false,
                  "context": null,
                  "code": "// Step 2: Navigate to the products page\n_HomePage.default.navigateToProducts();\n//Step 3: Choose the third product and view its details\n_ProductsPage.default.selectProductByIndex(2);\n//Step 4: Enter a random quantity and add to cart\n_ProductDetailsPage.default.enterQuantity(randomQuantity);\n_ProductDetailsPage.default.addToCart();\n//Step 5: Proceed to Cart\n_CartPage.default.goToCart();\n//Step 6: Proceed to Checkout\n_CartPage.default.proceedToCheckout();\n_CartPage.default.goToLogin();\n//Step 7: Register a new user account using random Data\n_RegisterPage.default.registerNewUser();\n//Step 8: Continue to checkout and confirm order\n_CartPage.default.goToCart();\n_CartPage.default.proceedToCheckout();\n_CheckoutPage.default.confirmOrder();\n//Step 9: Payment and Logout\n_PaymentPage.default.confirmPaymentAndLogout();",
                  "err": {},
                  "uuid": "e4b6f7be-c4a4-4aeb-97ae-c8bcc0a3f873",
                  "parentUUID": "310720e6-0163-4744-b068-944ea7cb9909",
                  "isHook": false,
                  "skipped": false
                }
              ],
              "suites": [],
              "passes": [
                "e4b6f7be-c4a4-4aeb-97ae-c8bcc0a3f873"
              ],
              "failures": [],
              "pending": [],
              "skipped": [],
              "duration": 18988,
              "root": false,
              "rootEmpty": false,
              "_timeout": 2000
            },
            {
              "uuid": "adc26230-daf2-4317-bd95-d4d3c35037c6",
              "title": "Viewport: Mobile - Large",
              "fullFile": "",
              "file": "",
              "beforeHooks": [],
              "afterHooks": [],
              "tests": [
                {
                  "title": "Automated User Flow Retail Page ",
                  "fullTitle": "Automation Exercise - User Flow Viewport: Mobile - Large Automated User Flow Retail Page ",
                  "timedOut": null,
                  "duration": 19149,
                  "state": "passed",
                  "speed": "slow",
                  "pass": true,
                  "fail": false,
                  "pending": false,
                  "context": null,
                  "code": "// Step 2: Navigate to the products page\n_HomePage.default.navigateToProducts();\n//Step 3: Choose the third product and view its details\n_ProductsPage.default.selectProductByIndex(2);\n//Step 4: Enter a random quantity and add to cart\n_ProductDetailsPage.default.enterQuantity(randomQuantity);\n_ProductDetailsPage.default.addToCart();\n//Step 5: Proceed to Cart\n_CartPage.default.goToCart();\n//Step 6: Proceed to Checkout\n_CartPage.default.proceedToCheckout();\n_CartPage.default.goToLogin();\n//Step 7: Register a new user account using random Data\n_RegisterPage.default.registerNewUser();\n//Step 8: Continue to checkout and confirm order\n_CartPage.default.goToCart();\n_CartPage.default.proceedToCheckout();\n_CheckoutPage.default.confirmOrder();\n//Step 9: Payment and Logout\n_PaymentPage.default.confirmPaymentAndLogout();",
                  "err": {},
                  "uuid": "efb62b6e-2fb9-4cf1-84ca-20f371266ff0",
                  "parentUUID": "adc26230-daf2-4317-bd95-d4d3c35037c6",
                  "isHook": false,
                  "skipped": false
                }
              ],
              "suites": [],
              "passes": [
                "efb62b6e-2fb9-4cf1-84ca-20f371266ff0"
              ],
              "failures": [],
              "pending": [],
              "skipped": [],
              "duration": 19149,
              "root": false,
              "rootEmpty": false,
              "_timeout": 2000
            }
          ],
          "passes": [],
          "failures": [],
          "pending": [],
          "skipped": [],
          "duration": 0,
          "root": false,
          "rootEmpty": false,
          "_timeout": 2000
        }
      ],
      "passes": [],
      "failures": [],
      "pending": [],
      "skipped": [],
      "duration": 0,
      "root": true,
      "rootEmpty": true,
      "_timeout": 2000
    }
  ],
  "meta": {
    "mocha": {
      "version": "7.0.1"
    },
    "mochawesome": {
      "options": {
        "quiet": false,
        "reportFilename": "mochawesome",
        "saveHtml": true,
        "saveJson": true,
        "consoleReporter": "spec",
        "useInlineDiffs": false,
        "code": true
      },
      "version": "7.1.3"
    },
    "marge": {
      "options": {
        "reportDir": "reports/mochawesome-report",
        "overwrite": false,
        "html": true,
        "json": true,
        "charts": true
      },
      "version": "6.2.0"
    }
  }
}